{
  "RSpec": {
    "coverage": {
      "/home/placid-zombie-7370/tic-tac-toe-rb-london-whitehat-1908/lib/tic_tac_toe.rb": [
        null,
        1,
        14,
        14,
        14,
        14,
        14,
        null,
        null,
        1,
        13,
        null,
        null,
        1,
        12,
        null,
        null,
        1,
        15,
        null,
        null,
        1,
        13,
        null,
        null,
        1,
        13,
        13,
        10,
        10,
        9,
        9,
        null,
        1,
        null,
        null,
        null,
        null,
        1,
        null,
        12,
        7,
        null,
        null,
        null,
        null,
        null,
        null,
        null,
        null,
        1,
        11,
        11,
        99,
        null,
        11,
        null,
        null,
        1,
        10,
        10,
        null,
        null,
        null,
        null,
        null,
        null,
        1,
        null,
        null,
        null,
        null,
        null,
        null,
        null,
        null,
        null,
        1,
        115,
        232,
        null,
        null,
        null,
        1,
        52,
        null,
        null,
        1,
        9,
        null,
        null,
        1,
        6,
        null,
        null,
        1,
        3,
        3,
        null,
        null,
        1,
        17,
        115,
        6,
        null,
        null,
        null,
        null
      ]
    },
    "timestamp": 1565250398
  }
}
