{
  "RSpec": {
    "coverage": {
      "/home/placid-zombie-7370/tic-tac-toe-rb-london-whitehat-1908/lib/tic_tac_toe.rb": [
        null,
        1,
        5,
        5,
        5,
        5,
        5,
        null,
        null,
        1,
        3,
        null,
        null,
        1,
        3,
        null,
        null,
        1,
        6,
        null,
        null,
        1,
        3,
        null,
        null,
        null,
        null,
        null,
        null,
        null,
        null,
        null,
        null,
        null,
        null,
        null,
        null,
        null,
        1,
        12,
        0,
        null,
        null,
        null,
        null,
        null,
        null,
        null,
        null,
        1,
        2,
        2,
        18,
        null,
        2,
        null,
        null,
        1,
        1,
        1,
        null,
        null,
        null,
        null,
        null,
        null,
        1,
        null,
        null,
        null,
        null,
        null,
        null,
        null,
        null,
        null,
        1,
        91,
        199,
        null,
        null,
        null,
        1,
        46,
        null,
        null,
        1,
        7,
        null,
        null,
        1,
        3,
        null,
        null,
        1,
        3,
        3,
        null,
        null,
        1,
        14,
        91,
        6,
        null,
        null,
        null,
        null
      ]
    },
    "timestamp": 1565250662
  }
}
